<?xml version="1.0" encoding="UTF-8"?>
<!-- Generated by org.testng.reporters.JUnitReportReporter -->
<testsuite hostname="DESKTOP-V5MLE2I" failures="0" tests="2" name="testclasses.LoginPageTest" time="10.140" errors="0" timestamp="2022-05-04T10:02:52 IST" skipped="0">
  <testcase classname="testclasses.LoginPageTest" name="verifyLogin" time="3.365"/>
  <system-out/>
  <testcase classname="testclasses.LoginPageTest" name="titleValidation" time="6.775"/>
  <system-out/>
</testsuite> <!-- testclasses.LoginPageTest -->
