<?xml version="1.0" encoding="UTF-8"?>
<!-- Generated by org.testng.reporters.JUnitReportReporter -->
<testsuite hostname="DESKTOP-V5MLE2I" failures="0" tests="2" name="testngdiscussion.AnnotationsInTestNG" time="0.015" errors="0" timestamp="2022-04-26T08:35:16 IST" skipped="0">
  <testcase classname="testngdiscussion.AnnotationsInTestNG" name="logoutTest" time="0.004"/>
  <system-out/>
  <testcase classname="testngdiscussion.AnnotationsInTestNG" name="loginTest" time="0.011"/>
  <system-out/>
</testsuite> <!-- testngdiscussion.AnnotationsInTestNG -->
