<?xml version="1.0" encoding="UTF-8"?>
<!-- Generated by org.testng.reporters.JUnitReportReporter -->
<testsuite hostname="DESKTOP-V5MLE2I" failures="0" tests="2" name="testclasses.LoginPageTest" time="7.988" errors="0" timestamp="2022-05-05T08:50:37 IST" skipped="0">
  <testcase classname="testclasses.LoginPageTest" name="verifyLogin" time="3.321"/>
  <system-out/>
  <testcase classname="testclasses.LoginPageTest" name="titleValidation" time="4.667"/>
  <system-out/>
</testsuite> <!-- testclasses.LoginPageTest -->
