<?xml version="1.0" encoding="UTF-8"?>
<!-- Generated by org.testng.reporters.JUnitReportReporter -->
<testsuite hostname="DESKTOP-V5MLE2I" failures="0" tests="1" name="testngdiscussion.ReporterClassTestNG" time="32.654" errors="0" timestamp="2022-04-26T08:12:46 IST" skipped="0">
  <testcase classname="testngdiscussion.ReporterClassTestNG" name="logout" time="32.654"/>
  <system-out>
    <![CDATA[This is logout test case]]>
  </system-out>
</testsuite> <!-- testngdiscussion.ReporterClassTestNG -->
