<?xml version="1.0" encoding="UTF-8"?>
<!-- Generated by org.testng.reporters.JUnitReportReporter -->
<testsuite hostname="DESKTOP-V5MLE2I" failures="0" tests="2" name="testngdiscussion.ParallelTestCaseExecution" time="60.415" errors="0" timestamp="2022-04-30T08:45:03 IST" skipped="0">
  <testcase classname="testngdiscussion.ParallelTestCaseExecution" name="facebookTest" time="29.261"/>
  <system-out/>
  <testcase classname="testngdiscussion.ParallelTestCaseExecution" name="googleTest" time="31.154"/>
  <system-out/>
</testsuite> <!-- testngdiscussion.ParallelTestCaseExecution -->
