<?xml version="1.0" encoding="UTF-8"?>
<!-- Generated by org.testng.reporters.JUnitReportReporter -->
<testsuite hostname="DESKTOP-V5MLE2I" failures="0" tests="1" name="testngdiscussion.FailedTestCaseExecution" time="0.015" errors="0" timestamp="2022-05-03T18:17:23 IST" skipped="0">
  <testcase classname="testngdiscussion.FailedTestCaseExecution" name="dashBoard" time="0.015"/>
  <system-out/>
</testsuite> <!-- testngdiscussion.FailedTestCaseExecution -->
