<?xml version="1.0" encoding="UTF-8"?>
<!-- Generated by org.testng.reporters.JUnitReportReporter -->
<testsuite hostname="DESKTOP-V5MLE2I" failures="0" tests="2" name="testngdiscussion.SingleClassExecution" time="0.020" errors="0" timestamp="2022-04-25T08:51:49 IST" skipped="0">
  <testcase classname="testngdiscussion.SingleClassExecution" name="testCase2" time="0.002"/>
  <system-out/>
  <testcase classname="testngdiscussion.SingleClassExecution" name="testCase1" time="0.018"/>
  <system-out/>
</testsuite> <!-- testngdiscussion.SingleClassExecution -->
