<?xml version="1.0" encoding="UTF-8"?>
<!-- Generated by org.testng.reporters.JUnitReportReporter -->
<testsuite hostname="DESKTOP-V5MLE2I" failures="0" tests="3" name="testngdiscussion.GroupingOfTestCase2" time="0.020" errors="0" timestamp="2022-04-28T08:12:36 IST" skipped="0">
  <testcase classname="testngdiscussion.GroupingOfTestCase2" name="admin" time="0.007"/>
  <system-out/>
  <testcase classname="testngdiscussion.GroupingOfTestCase2" name="myInfo" time="0.002"/>
  <system-out/>
  <testcase classname="testngdiscussion.GroupingOfTestCase2" name="searchShares" time="0.011"/>
  <system-out/>
</testsuite> <!-- testngdiscussion.GroupingOfTestCase2 -->
