<?xml version="1.0" encoding="UTF-8"?>
<!-- Generated by org.testng.reporters.JUnitReportReporter -->
<testsuite hostname="DESKTOP-V5MLE2I" failures="0" tests="20" name="testngdiscussion.DPTest" time="0.083" errors="0" timestamp="2022-05-18T07:36:28 IST" skipped="0">
  <testcase classname="testngdiscussion.DPTest" name="testCase" time="0.002"/>
  <system-out/>
  <testcase classname="testngdiscussion.DPTest" name="testCase" time="0.001"/>
  <system-out/>
  <testcase classname="testngdiscussion.DPTest" name="testCase" time="0.001"/>
  <system-out/>
  <testcase classname="testngdiscussion.DPTest" name="testCase" time="0.002"/>
  <system-out/>
  <testcase classname="testngdiscussion.DPTest" name="testCase" time="0.002"/>
  <system-out/>
  <testcase classname="testngdiscussion.DPTest" name="testCase" time="0.002"/>
  <system-out/>
  <testcase classname="testngdiscussion.DPTest" name="testCase" time="0.002"/>
  <system-out/>
  <testcase classname="testngdiscussion.DPTest" name="testCase" time="0.003"/>
  <system-out/>
  <testcase classname="testngdiscussion.DPTest" name="testCase" time="0.011"/>
  <system-out/>
  <testcase classname="testngdiscussion.DPTest" name="testCase" time="0.003"/>
  <system-out/>
  <testcase classname="testngdiscussion.DPTest" name="testCase" time="0.001"/>
  <system-out/>
  <testcase classname="testngdiscussion.DPTest" name="testCase" time="0.005"/>
  <system-out/>
  <testcase classname="testngdiscussion.DPTest" name="testCase" time="0.009"/>
  <system-out/>
  <testcase classname="testngdiscussion.DPTest" name="testCase" time="0.002"/>
  <system-out/>
  <testcase classname="testngdiscussion.DPTest" name="testCase" time="0.020"/>
  <system-out/>
  <testcase classname="testngdiscussion.DPTest" name="testCase" time="0.010"/>
  <system-out/>
  <testcase classname="testngdiscussion.DPTest" name="testCase" time="0.001"/>
  <system-out/>
  <testcase classname="testngdiscussion.DPTest" name="testCase" time="0.003"/>
  <system-out/>
  <testcase classname="testngdiscussion.DPTest" name="testCase" time="0.002"/>
  <system-out/>
  <testcase classname="testngdiscussion.DPTest" name="testCase" time="0.001"/>
  <system-out/>
</testsuite> <!-- testngdiscussion.DPTest -->
