<?xml version="1.0" encoding="UTF-8"?>
<!-- Generated by org.testng.reporters.JUnitReportReporter -->
<testsuite hostname="DESKTOP-V5MLE2I" failures="0" tests="2" name="testngdiscussion.ParallelTestTagExecutionActual" time="60.517" errors="0" timestamp="2022-05-03T17:49:03 IST" skipped="0">
  <testcase classname="testngdiscussion.ParallelTestTagExecutionActual" name="navToApp" time="29.370"/>
  <system-out/>
  <testcase classname="testngdiscussion.ParallelTestTagExecutionActual" name="navToApp" time="31.147"/>
  <system-out/>
</testsuite> <!-- testngdiscussion.ParallelTestTagExecutionActual -->
