<?xml version="1.0" encoding="UTF-8"?>
<!-- Generated by org.testng.reporters.JUnitReportReporter -->
<testsuite hostname="DESKTOP-V5MLE2I" failures="0" tests="1" name="testngdiscussion.GroupingAnnotations" time="0.018" errors="0" timestamp="2022-04-28T08:37:44 IST" skipped="0">
  <testcase classname="testngdiscussion.GroupingAnnotations" name="logoutTest" time="0.018"/>
  <system-out/>
</testsuite> <!-- testngdiscussion.GroupingAnnotations -->
