<?xml version="1.0" encoding="UTF-8"?>
<!-- Generated by org.testng.reporters.JUnitReportReporter -->
<testsuite hostname="DESKTOP-V5MLE2I" failures="0" tests="5" name="testngdiscussion.SingleClassExecution2" time="0.037" errors="0" timestamp="2022-04-25T08:56:13 IST" skipped="0">
  <testcase classname="testngdiscussion.SingleClassExecution2" name="dashBoard" time="0.020"/>
  <system-out/>
  <testcase classname="testngdiscussion.SingleClassExecution2" name="logout" time="0.006"/>
  <system-out/>
  <testcase classname="testngdiscussion.SingleClassExecution2" name="login" time="0.002"/>
  <system-out/>
  <testcase classname="testngdiscussion.SingleClassExecution2" name="home" time="0.004"/>
  <system-out/>
  <testcase classname="testngdiscussion.SingleClassExecution2" name="profile" time="0.005"/>
  <system-out/>
</testsuite> <!-- testngdiscussion.SingleClassExecution2 -->
