<?xml version="1.0" encoding="UTF-8"?>
<!-- Generated by org.testng.reporters.JUnitReportReporter -->
<testsuite hostname="DESKTOP-V5MLE2I" failures="0" tests="5" name="testngdiscussion.SingleClassExecution2" time="0.032" errors="0" timestamp="2022-04-26T07:55:19 IST" skipped="0">
  <testcase classname="testngdiscussion.SingleClassExecution2" name="profile" time="0.021"/>
  <system-out/>
  <testcase classname="testngdiscussion.SingleClassExecution2" name="logout" time="0.003"/>
  <system-out/>
  <testcase classname="testngdiscussion.SingleClassExecution2" name="login" time="0.002"/>
  <system-out/>
  <testcase classname="testngdiscussion.SingleClassExecution2" name="dashBoard" time="0.003"/>
  <system-out/>
  <testcase classname="testngdiscussion.SingleClassExecution2" name="home" time="0.003"/>
  <system-out/>
</testsuite> <!-- testngdiscussion.SingleClassExecution2 -->
