<?xml version="1.0" encoding="UTF-8"?>
<!-- Generated by org.testng.reporters.JUnitReportReporter -->
<testsuite hostname="DESKTOP-V5MLE2I" failures="0" tests="2" name="testngdiscussion.DependsOnMethods2" time="0.004" errors="0" timestamp="2022-04-27T08:46:25 IST" skipped="1">
  <testcase classname="testngdiscussion.DependsOnMethods2" name="profile" time="0.000">
    <skipped/>
  </testcase> <!-- profile -->
  <system-out/>
  <testcase classname="testngdiscussion.DependsOnMethods2" name="dashBoard" time="0.004"/>
  <system-out/>
</testsuite> <!-- testngdiscussion.DependsOnMethods2 -->
