<?xml version="1.0" encoding="UTF-8"?>
<!-- Generated by org.testng.reporters.JUnitReportReporter -->
<testsuite hostname="DESKTOP-V5MLE2I" failures="0" tests="3" name="testngdiscussion.InclusionAndExclusionOfMethods" time="0.027" errors="0" timestamp="2022-04-27T09:00:02 IST" skipped="1">
  <testcase classname="testngdiscussion.InclusionAndExclusionOfMethods" name="home" time="0.021"/>
  <system-out/>
  <testcase classname="testngdiscussion.InclusionAndExclusionOfMethods" name="profile" time="0.006"/>
  <system-out/>
  <testcase classname="testngdiscussion.InclusionAndExclusionOfMethods" name="login">
    <skipped/>
  </testcase> <!-- login -->
  <system-out/>
</testsuite> <!-- testngdiscussion.InclusionAndExclusionOfMethods -->
