<?xml version="1.0" encoding="UTF-8"?>
<!-- Generated by org.testng.reporters.JUnitReportReporter -->
<testsuite hostname="DESKTOP-V5MLE2I" failures="0" tests="2" name="testngdiscussion.ActualUsageExampleOfAnnotations" time="0.022" errors="0" timestamp="2022-04-27T08:17:03 IST" skipped="0">
  <testcase classname="testngdiscussion.ActualUsageExampleOfAnnotations" name="testCase1" time="0.016"/>
  <system-out/>
  <testcase classname="testngdiscussion.ActualUsageExampleOfAnnotations" name="testCase2" time="0.006"/>
  <system-out/>
</testsuite> <!-- testngdiscussion.ActualUsageExampleOfAnnotations -->
