<?xml version="1.0" encoding="UTF-8"?>
<!-- Generated by org.testng.reporters.JUnitReportReporter -->
<testsuite hostname="DESKTOP-V5MLE2I" failures="0" tests="2" name="testngdiscussion.ParallelTestTagExecutionActual" time="68.536" errors="0" timestamp="2022-05-04T09:14:00 IST" skipped="0">
  <testcase classname="testngdiscussion.ParallelTestTagExecutionActual" name="navToApp" time="35.441"/>
  <system-out/>
  <testcase classname="testngdiscussion.ParallelTestTagExecutionActual" name="navToApp" time="33.095"/>
  <system-out/>
</testsuite> <!-- testngdiscussion.ParallelTestTagExecutionActual -->
