<?xml version="1.0" encoding="UTF-8"?>
<!-- Generated by org.testng.reporters.JUnitReportReporter -->
<testsuite hostname="DESKTOP-V5MLE2I" failures="0" tests="7" name="testngdiscussion.InvocationCountKeyword" time="0.036" errors="0" timestamp="2022-04-26T08:06:44 IST" skipped="0">
  <testcase classname="testngdiscussion.InvocationCountKeyword" name="home" time="0.005"/>
  <system-out/>
  <testcase classname="testngdiscussion.InvocationCountKeyword" name="home" time="0.003"/>
  <system-out/>
  <testcase classname="testngdiscussion.InvocationCountKeyword" name="home" time="0.019"/>
  <system-out/>
  <testcase classname="testngdiscussion.InvocationCountKeyword" name="home" time="0.003"/>
  <system-out/>
  <testcase classname="testngdiscussion.InvocationCountKeyword" name="home" time="0.001"/>
  <system-out/>
  <testcase classname="testngdiscussion.InvocationCountKeyword" name="logout" time="0.003"/>
  <system-out/>
  <testcase classname="testngdiscussion.InvocationCountKeyword" name="dashBoard" time="0.002"/>
  <system-out/>
</testsuite> <!-- testngdiscussion.InvocationCountKeyword -->
