<?xml version="1.0" encoding="UTF-8"?>
<!-- Generated by org.testng.reporters.JUnitReportReporter -->
<testsuite hostname="DESKTOP-V5MLE2I" failures="0" tests="2" name="testngdiscussion.ParallelTestClass2" time="0.036" errors="0" timestamp="2022-05-03T17:22:03 IST" skipped="0">
  <testcase classname="testngdiscussion.ParallelTestClass2" name="profile" time="0.014"/>
  <system-out/>
  <testcase classname="testngdiscussion.ParallelTestClass2" name="logout" time="0.022"/>
  <system-out/>
</testsuite> <!-- testngdiscussion.ParallelTestClass2 -->
