<?xml version="1.0" encoding="UTF-8"?>
<!-- Generated by org.testng.reporters.JUnitReportReporter -->
<testsuite hostname="DESKTOP-V5MLE2I" failures="0" tests="2" name="testclasses.DashBoardTest" time="1.828" errors="0" timestamp="2022-05-05T08:50:37 IST" skipped="0">
  <testcase classname="testclasses.DashBoardTest" name="searchValidation" time="0.946"/>
  <system-out/>
  <testcase classname="testclasses.DashBoardTest" name="buySharesValidation" time="0.882"/>
  <system-out/>
</testsuite> <!-- testclasses.DashBoardTest -->
