<?xml version="1.0" encoding="UTF-8"?>
<!-- Generated by org.testng.reporters.JUnitReportReporter -->
<testsuite hostname="DESKTOP-V5MLE2I" failures="0" tests="2" name="testngdiscussion.ParallelTestClass1" time="0.037" errors="0" timestamp="2022-05-03T17:22:03 IST" skipped="0">
  <testcase classname="testngdiscussion.ParallelTestClass1" name="dashBoard" time="0.022"/>
  <system-out/>
  <testcase classname="testngdiscussion.ParallelTestClass1" name="login" time="0.015"/>
  <system-out/>
</testsuite> <!-- testngdiscussion.ParallelTestClass1 -->
