<?xml version="1.0" encoding="UTF-8"?>
<!-- Generated by org.testng.reporters.JUnitReportReporter -->
<testsuite hostname="DESKTOP-V5MLE2I" failures="0" tests="2" name="testngdiscussion.GroupingOfTestCase1" time="0.026" errors="0" timestamp="2022-04-28T08:12:36 IST" skipped="0">
  <testcase classname="testngdiscussion.GroupingOfTestCase1" name="logout" time="0.007"/>
  <system-out/>
  <testcase classname="testngdiscussion.GroupingOfTestCase1" name="dashBoard" time="0.019"/>
  <system-out/>
</testsuite> <!-- testngdiscussion.GroupingOfTestCase1 -->
