<?xml version="1.0" encoding="UTF-8"?>
<!-- Generated by org.testng.reporters.JUnitReportReporter -->
<testsuite hostname="DESKTOP-V5MLE2I" failures="0" tests="2" name="testngdiscussion.InclusionAndExclusionOfMethods" time="0.020" errors="0" timestamp="2022-04-28T07:53:51 IST" skipped="0">
  <testcase classname="testngdiscussion.InclusionAndExclusionOfMethods" name="login" time="0.016"/>
  <system-out/>
  <testcase classname="testngdiscussion.InclusionAndExclusionOfMethods" name="home" time="0.004"/>
  <system-out/>
</testsuite> <!-- testngdiscussion.InclusionAndExclusionOfMethods -->
